<?xml version="1.0" encoding="UTF-8"?><testrun name="YearMonthInfractionMapperTest.testMapper" project="mapreduce" tests="1" started="1" failures="0" errors="1" ignored="0">
  <testcase name="testMapper" classname="ca.effpro.learn.hadoop.mr.tpt.exer1.YearMonthInfractionMapperTest" time="0.401">
    <error>java.lang.StringIndexOutOfBoundsException: String index out of range: 6
	at java.lang.String.substring(String.java:1951)
	at ca.effpro.learn.hadoop.mr.tpt.exer1.YearMonthToInfractionWritable.set(YearMonthToInfractionWritable.java:36)
	at ca.effpro.learn.hadoop.mr.tpt.exer1.YearMonthInfractionMapper.map(YearMonthInfractionMapper.java:60)
	at ca.effpro.learn.hadoop.mr.tpt.exer1.YearMonthInfractionMapper.map(YearMonthInfractionMapper.java:1)
	at org.apache.hadoop.mapreduce.Mapper.run(Mapper.java:145)
	at org.apache.hadoop.mrunit.mapreduce.MapDriver.run(MapDriver.java:137)
	at org.apache.hadoop.mrunit.TestDriver.runTest(TestDriver.java:574)
	at org.apache.hadoop.mrunit.TestDriver.runTest(TestDriver.java:561)
	at ca.effpro.learn.hadoop.mr.tpt.exer1.YearMonthInfractionMapperTest.testMapper(YearMonthInfractionMapperTest.java:73)
	at sun.reflect.NativeMethodAccessorImpl.invoke0(Native Method)
	at sun.reflect.NativeMethodAccessorImpl.invoke(NativeMethodAccessorImpl.java:62)
	at sun.reflect.DelegatingMethodAccessorImpl.invoke(DelegatingMethodAccessorImpl.java:43)
	at java.lang.reflect.Method.invoke(Method.java:497)
	at org.junit.runners.model.FrameworkMethod$1.runReflectiveCall(FrameworkMethod.java:50)
	at org.junit.internal.runners.model.ReflectiveCallable.run(ReflectiveCallable.java:12)
	at org.junit.runners.model.FrameworkMethod.invokeExplosively(FrameworkMethod.java:47)
	at org.junit.internal.runners.statements.InvokeMethod.evaluate(InvokeMethod.java:17)
	at org.junit.internal.runners.statements.RunBefores.evaluate(RunBefores.java:26)
	at org.junit.runners.ParentRunner.runLeaf(ParentRunner.java:325)
	at org.junit.runners.BlockJUnit4ClassRunner.runChild(BlockJUnit4ClassRunner.java:78)
	at org.junit.runners.BlockJUnit4ClassRunner.runChild(BlockJUnit4ClassRunner.java:57)
	at org.junit.runners.ParentRunner$3.run(ParentRunner.java:290)
	at org.junit.runners.ParentRunner$1.schedule(ParentRunner.java:71)
	at org.junit.runners.ParentRunner.runChildren(ParentRunner.java:288)
	at org.junit.runners.ParentRunner.access$000(ParentRunner.java:58)
	at org.junit.runners.ParentRunner$2.evaluate(ParentRunner.java:268)
	at org.junit.runners.ParentRunner.run(ParentRunner.java:363)
	at org.eclipse.jdt.internal.junit4.runner.JUnit4TestReference.run(JUnit4TestReference.java:50)
	at org.eclipse.jdt.internal.junit.runner.TestExecution.run(TestExecution.java:38)
	at org.eclipse.jdt.internal.junit.runner.RemoteTestRunner.runTests(RemoteTestRunner.java:459)
	at org.eclipse.jdt.internal.junit.runner.RemoteTestRunner.runTests(RemoteTestRunner.java:675)
	at org.eclipse.jdt.internal.junit.runner.RemoteTestRunner.run(RemoteTestRunner.java:382)
	at org.eclipse.jdt.internal.junit.runner.RemoteTestRunner.main(RemoteTestRunner.java:192)

</error>
  </testcase>
</testrun>
